<?xml version="1.0" encoding="UTF-8"?>
<testsuite name="com.mindex.challenge.service.impl.EmployeeServiceImplTest" tests="1" skipped="0" failures="0" errors="0" timestamp="2025-01-30T20:43:33" hostname="Tangos-MacBook-Pro.local" time="0.083">
  <properties/>
  <testcase name="testCreateReadUpdate" classname="com.mindex.challenge.service.impl.EmployeeServiceImplTest" time="0.083"/>
  <system-out><![CDATA[?[2m2025-01-30T15:43:33.422-05:00?[0;39m ?[32m INFO?[0;39m ?[35m46675?[0;39m ?[2m---?[0;39m ?[2m[    Test worker]?[0;39m ?[2m?[0;39m?[36mt.c.s.AnnotationConfigContextLoaderUtils?[0;39m ?[2m:?[0;39m Could not detect default configuration classes for test class [com.mindex.challenge.service.impl.EmployeeServiceImplTest]: EmployeeServiceImplTest does not declare any static, non-private, non-final, nested classes annotated with @Configuration.
?[2m2025-01-30T15:43:33.426-05:00?[0;39m ?[32m INFO?[0;39m ?[35m46675?[0;39m ?[2m---?[0;39m ?[2m[    Test worker]?[0;39m ?[2m?[0;39m?[36m.b.t.c.SpringBootTestContextBootstrapper?[0;39m ?[2m:?[0;39m Found @SpringBootConfiguration com.mindex.challenge.ChallengeApplication for test class com.mindex.challenge.service.impl.EmployeeServiceImplTest

  .   ____          _            __ _ _
 /\\ / ___'_ __ _ _(_)_ __  __ _ \ \ \ \
( ( )\___ | '_ | '_| | '_ \/ _` | \ \ \ \
 \\/  ___)| |_)| | | | | || (_| |  ) ) ) )
  '  |____| .__|_| |_|_| |_\__, | / / / /
 =========|_|==============|___/=/_/_/_/
?[32m :: Spring Boot :: ?[39m              ?[2m (v3.2.3)?[0;39m

?[2m2025-01-30T15:43:33.443-05:00?[0;39m ?[32m INFO?[0;39m ?[35m46675?[0;39m ?[2m---?[0;39m ?[2m[    Test worker]?[0;39m ?[2m?[0;39m?[36mc.m.c.s.impl.EmployeeServiceImplTest    ?[0;39m ?[2m:?[0;39m Starting EmployeeServiceImplTest using Java 23.0.2 with PID 46675 (started by tangonham in /Users/tangonham/Downloads/mindex-code-challenge)
?[2m2025-01-30T15:43:33.443-05:00?[0;39m ?[32mDEBUG?[0;39m ?[35m46675?[0;39m ?[2m---?[0;39m ?[2m[    Test worker]?[0;39m ?[2m?[0;39m?[36mc.m.c.s.impl.EmployeeServiceImplTest    ?[0;39m ?[2m:?[0;39m Running with Spring Boot v3.2.3, Spring v6.1.4
?[2m2025-01-30T15:43:33.443-05:00?[0;39m ?[32m INFO?[0;39m ?[35m46675?[0;39m ?[2m---?[0;39m ?[2m[    Test worker]?[0;39m ?[2m?[0;39m?[36mc.m.c.s.impl.EmployeeServiceImplTest    ?[0;39m ?[2m:?[0;39m No active profile set, falling back to 1 default profile: "default"
?[2m2025-01-30T15:43:33.492-05:00?[0;39m ?[32m INFO?[0;39m ?[35m46675?[0;39m ?[2m---?[0;39m ?[2m[    Test worker]?[0;39m ?[2m?[0;39m?[36m.s.d.r.c.RepositoryConfigurationDelegate?[0;39m ?[2m:?[0;39m Bootstrapping Spring Data MongoDB repositories in DEFAULT mode.
?[2m2025-01-30T15:43:33.494-05:00?[0;39m ?[32m INFO?[0;39m ?[35m46675?[0;39m ?[2m---?[0;39m ?[2m[    Test worker]?[0;39m ?[2m?[0;39m?[36m.s.d.r.c.RepositoryConfigurationDelegate?[0;39m ?[2m:?[0;39m Finished Spring Data repository scanning in 1 ms. Found 2 MongoDB repository interfaces.
?[2m2025-01-30T15:43:33.579-05:00?[0;39m ?[32m INFO?[0;39m ?[35m46675?[0;39m ?[2m---?[0;39m ?[2m[    Test worker]?[0;39m ?[2m?[0;39m?[36mo.s.b.w.embedded.tomcat.TomcatWebServer ?[0;39m ?[2m:?[0;39m Tomcat initialized with port 0 (http)
?[2m2025-01-30T15:43:33.585-05:00?[0;39m ?[32m INFO?[0;39m ?[35m46675?[0;39m ?[2m---?[0;39m ?[2m[    Test worker]?[0;39m ?[2m?[0;39m?[36mo.apache.catalina.core.StandardService  ?[0;39m ?[2m:?[0;39m Starting service [Tomcat]
?[2m2025-01-30T15:43:33.585-05:00?[0;39m ?[32m INFO?[0;39m ?[35m46675?[0;39m ?[2m---?[0;39m ?[2m[    Test worker]?[0;39m ?[2m?[0;39m?[36mo.apache.catalina.core.StandardEngine   ?[0;39m ?[2m:?[0;39m Starting Servlet engine: [Apache Tomcat/10.1.19]
?[2m2025-01-30T15:43:33.607-05:00?[0;39m ?[32m INFO?[0;39m ?[35m46675?[0;39m ?[2m---?[0;39m ?[2m[    Test worker]?[0;39m ?[2m?[0;39m?[36mo.a.c.c.C.[Tomcat].[localhost].[/]      ?[0;39m ?[2m:?[0;39m Initializing Spring embedded WebApplicationContext
?[2m2025-01-30T15:43:33.608-05:00?[0;39m ?[32m INFO?[0;39m ?[35m46675?[0;39m ?[2m---?[0;39m ?[2m[    Test worker]?[0;39m ?[2m?[0;39m?[36mw.s.c.ServletWebServerApplicationContext?[0;39m ?[2m:?[0;39m Root WebApplicationContext: initialization completed in 163 ms
?[2m2025-01-30T15:43:33.631-05:00?[0;39m ?[32m INFO?[0;39m ?[35m46675?[0;39m ?[2m---?[0;39m ?[2m[    Test worker]?[0;39m ?[2m?[0;39m?[36mde.bwaldvogel.mongo.MongoServer         ?[0;39m ?[2m:?[0;39m started MongoServer(port: 63705, ssl: false)
?[2m2025-01-30T15:43:33.633-05:00?[0;39m ?[32m INFO?[0;39m ?[35m46675?[0;39m ?[2m---?[0;39m ?[2m[    Test worker]?[0;39m ?[2m?[0;39m?[36morg.mongodb.driver.client               ?[0;39m ?[2m:?[0;39m MongoClient with metadata {"driver": {"name": "mongo-java-driver|sync", "version": "4.11.1"}, "os": {"type": "Darwin", "name": "Mac OS X", "architecture": "aarch64", "version": "15.2"}, "platform": "Java/Oracle Corporation/23.0.2+7-58"} created with settings MongoClientSettings{readPreference=primary, writeConcern=WriteConcern{w=null, wTimeout=null ms, journal=null}, retryWrites=true, retryReads=true, readConcern=ReadConcern{level=null}, credential=null, transportSettings=null, streamFactoryFactory=null, commandListeners=[], codecRegistry=ProvidersCodecRegistry{codecProviders=[ValueCodecProvider{}, BsonValueCodecProvider{}, DBRefCodecProvider{}, DBObjectCodecProvider{}, DocumentCodecProvider{}, CollectionCodecProvider{}, IterableCodecProvider{}, MapCodecProvider{}, GeoJsonCodecProvider{}, GridFSFileCodecProvider{}, Jsr310CodecProvider{}, JsonObjectCodecProvider{}, BsonCodecProvider{}, EnumCodecProvider{}, com.mongodb.client.model.mql.ExpressionCodecProvider@629a9f26, com.mongodb.Jep395RecordCodecProvider@b791a81, com.mongodb.KotlinCodecProvider@4391a2d8]}, loggerSettings=LoggerSettings{maxDocumentLength=1000}, clusterSettings={hosts=[localhost:63705], srvServiceName=mongodb, mode=SINGLE, requiredClusterType=UNKNOWN, requiredReplicaSetName='null', serverSelector='null', clusterListeners='[]', serverSelectionTimeout='30000 ms', localThreshold='15 ms'}, socketSettings=SocketSettings{connectTimeoutMS=10000, readTimeoutMS=0, receiveBufferSize=0, proxySettings=ProxySettings{host=null, port=null, username=null, password=null}}, heartbeatSocketSettings=SocketSettings{connectTimeoutMS=10000, readTimeoutMS=10000, receiveBufferSize=0, proxySettings=ProxySettings{host=null, port=null, username=null, password=null}}, connectionPoolSettings=ConnectionPoolSettings{maxSize=100, minSize=0, maxWaitTimeMS=120000, maxConnectionLifeTimeMS=0, maxConnectionIdleTimeMS=0, maintenanceInitialDelayMS=0, maintenanceFrequencyMS=60000, connectionPoolListeners=[], maxConnecting=2}, serverSettings=ServerSettings{heartbeatFrequencyMS=10000, minHeartbeatFrequencyMS=500, serverListeners='[]', serverMonitorListeners='[]'}, sslSettings=SslSettings{enabled=false, invalidHostNameAllowed=false, context=null}, applicationName='null', compressorList=[], uuidRepresentation=UNSPECIFIED, serverApi=null, autoEncryptionSettings=null, dnsClient=null, inetAddressResolver=null, contextProvider=null}
?[2m2025-01-30T15:43:33.634-05:00?[0;39m ?[32m INFO?[0;39m ?[35m46675?[0;39m ?[2m---?[0;39m ?[2m[-server-worker2]?[0;39m ?[2m?[0;39m?[36md.b.mongo.wire.MongoWireProtocolHandler ?[0;39m ?[2m:?[0;39m client [id: 0xbffcbe88, L:/127.0.0.1:63705 - R:/127.0.0.1:63707] connected
?[2m2025-01-30T15:43:33.634-05:00?[0;39m ?[32m INFO?[0;39m ?[35m46675?[0;39m ?[2m---?[0;39m ?[2m[-server-worker1]?[0;39m ?[2m?[0;39m?[36md.b.mongo.wire.MongoWireProtocolHandler ?[0;39m ?[2m:?[0;39m client [id: 0x352069c8, L:/127.0.0.1:63705 - R:/127.0.0.1:63706] connected
?[2m2025-01-30T15:43:33.636-05:00?[0;39m ?[32m INFO?[0;39m ?[35m46675?[0;39m ?[2m---?[0;39m ?[2m[localhost:63705]?[0;39m ?[2m?[0;39m?[36morg.mongodb.driver.cluster              ?[0;39m ?[2m:?[0;39m Monitor thread successfully connected to server with description ServerDescription{address=localhost:63705, type=STANDALONE, state=CONNECTED, ok=true, minWireVersion=0, maxWireVersion=6, maxDocumentSize=16777216, logicalSessionTimeoutMinutes=null, roundTripTimeNanos=2507167}
?[2m2025-01-30T15:43:33.656-05:00?[0;39m ?[32m INFO?[0;39m ?[35m46675?[0;39m ?[2m---?[0;39m ?[2m[-server-worker3]?[0;39m ?[2m?[0;39m?[36md.b.mongo.wire.MongoWireProtocolHandler ?[0;39m ?[2m:?[0;39m client [id: 0x4bcb53f7, L:/127.0.0.1:63705 - R:/127.0.0.1:63708] connected
?[2m2025-01-30T15:43:33.658-05:00?[0;39m ?[32m INFO?[0;39m ?[35m46675?[0;39m ?[2m---?[0;39m ?[2m[-server-worker3]?[0;39m ?[2m?[0;39m?[36md.b.mongo.backend.AbstractMongoBackend  ?[0;39m ?[2m:?[0;39m created database test
?[2m2025-01-30T15:43:33.658-05:00?[0;39m ?[32m INFO?[0;39m ?[35m46675?[0;39m ?[2m---?[0;39m ?[2m[-server-worker3]?[0;39m ?[2m?[0;39m?[36md.b.mongo.backend.AbstractMongoDatabase ?[0;39m ?[2m:?[0;39m adding unique _id index for collection employee
?[2m2025-01-30T15:43:33.658-05:00?[0;39m ?[32m INFO?[0;39m ?[35m46675?[0;39m ?[2m---?[0;39m ?[2m[-server-worker3]?[0;39m ?[2m?[0;39m?[36md.b.mongo.backend.AbstractMongoDatabase ?[0;39m ?[2m:?[0;39m created collection test.employee
?[2m2025-01-30T15:43:33.715-05:00?[0;39m ?[32m INFO?[0;39m ?[35m46675?[0;39m ?[2m---?[0;39m ?[2m[    Test worker]?[0;39m ?[2m?[0;39m?[36mo.s.b.w.embedded.tomcat.TomcatWebServer ?[0;39m ?[2m:?[0;39m Tomcat started on port 63709 (http) with context path ''
?[2m2025-01-30T15:43:33.717-05:00?[0;39m ?[32m INFO?[0;39m ?[35m46675?[0;39m ?[2m---?[0;39m ?[2m[    Test worker]?[0;39m ?[2m?[0;39m?[36mc.m.c.s.impl.EmployeeServiceImplTest    ?[0;39m ?[2m:?[0;39m Started EmployeeServiceImplTest in 0.289 seconds (process running for 2.277)
?[2m2025-01-30T15:43:33.764-05:00?[0;39m ?[32m INFO?[0;39m ?[35m46675?[0;39m ?[2m---?[0;39m ?[2m[o-auto-1-exec-1]?[0;39m ?[2m?[0;39m?[36mo.a.c.c.C.[Tomcat].[localhost].[/]      ?[0;39m ?[2m:?[0;39m Initializing Spring DispatcherServlet 'dispatcherServlet'
?[2m2025-01-30T15:43:33.764-05:00?[0;39m ?[32m INFO?[0;39m ?[35m46675?[0;39m ?[2m---?[0;39m ?[2m[o-auto-1-exec-1]?[0;39m ?[2m?[0;39m?[36mo.s.web.servlet.DispatcherServlet       ?[0;39m ?[2m:?[0;39m Initializing Servlet 'dispatcherServlet'
?[2m2025-01-30T15:43:33.765-05:00?[0;39m ?[32m INFO?[0;39m ?[35m46675?[0;39m ?[2m---?[0;39m ?[2m[o-auto-1-exec-1]?[0;39m ?[2m?[0;39m?[36mo.s.web.servlet.DispatcherServlet       ?[0;39m ?[2m:?[0;39m Completed initialization in 1 ms
?[2m2025-01-30T15:43:33.779-05:00?[0;39m ?[32mDEBUG?[0;39m ?[35m46675?[0;39m ?[2m---?[0;39m ?[2m[o-auto-1-exec-1]?[0;39m ?[2m?[0;39m?[36mc.m.c.controller.EmployeeController     ?[0;39m ?[2m:?[0;39m Received employee create request for [com.mindex.challenge.data.Employee@764e9342]
?[2m2025-01-30T15:43:33.780-05:00?[0;39m ?[32mDEBUG?[0;39m ?[35m46675?[0;39m ?[2m---?[0;39m ?[2m[o-auto-1-exec-1]?[0;39m ?[2m?[0;39m?[36mc.m.c.service.impl.EmployeeServiceImpl  ?[0;39m ?[2m:?[0;39m Creating employee [com.mindex.challenge.data.Employee@764e9342]
?[2m2025-01-30T15:43:33.791-05:00?[0;39m ?[32mDEBUG?[0;39m ?[35m46675?[0;39m ?[2m---?[0;39m ?[2m[o-auto-1-exec-2]?[0;39m ?[2m?[0;39m?[36mc.m.c.controller.EmployeeController     ?[0;39m ?[2m:?[0;39m Received employee create request for id [166effd4-21e6-4806-ab21-14a7c8d24891]
?[2m2025-01-30T15:43:33.791-05:00?[0;39m ?[32mDEBUG?[0;39m ?[35m46675?[0;39m ?[2m---?[0;39m ?[2m[o-auto-1-exec-2]?[0;39m ?[2m?[0;39m?[36mc.m.c.service.impl.EmployeeServiceImpl  ?[0;39m ?[2m:?[0;39m Creating employee with id [166effd4-21e6-4806-ab21-14a7c8d24891]
?[2m2025-01-30T15:43:33.799-05:00?[0;39m ?[32mDEBUG?[0;39m ?[35m46675?[0;39m ?[2m---?[0;39m ?[2m[o-auto-1-exec-3]?[0;39m ?[2m?[0;39m?[36mc.m.c.controller.EmployeeController     ?[0;39m ?[2m:?[0;39m Received employee create request for id [166effd4-21e6-4806-ab21-14a7c8d24891] and employee [com.mindex.challenge.data.Employee@190098e3]
?[2m2025-01-30T15:43:33.800-05:00?[0;39m ?[32mDEBUG?[0;39m ?[35m46675?[0;39m ?[2m---?[0;39m ?[2m[o-auto-1-exec-3]?[0;39m ?[2m?[0;39m?[36mc.m.c.service.impl.EmployeeServiceImpl  ?[0;39m ?[2m:?[0;39m Updating employee [com.mindex.challenge.data.Employee@190098e3]
]]></system-out>
  <system-err><![CDATA[]]></system-err>
</testsuite>
