<?xml version="1.0" encoding="UTF-8"?>
<testsuite name="com.mindex.challenge.service.impl.CompensationServiceTest" tests="1" skipped="0" failures="0" errors="0" timestamp="2025-02-02T04:02:29" hostname="Tangos-MacBook-Pro.local" time="0.542">
  <properties/>
  <testcase name="testCreateReadCompensation" classname="com.mindex.challenge.service.impl.CompensationServiceTest" time="0.542"/>
  <system-out><![CDATA[23:02:28.628 [Test worker] INFO org.springframework.test.context.support.AnnotationConfigContextLoaderUtils -- Could not detect default configuration classes for test class [com.mindex.challenge.service.impl.CompensationServiceTest]: CompensationServiceTest does not declare any static, non-private, non-final, nested classes annotated with @Configuration.
23:02:28.699 [Test worker] INFO org.springframework.boot.test.context.SpringBootTestContextBootstrapper -- Found @SpringBootConfiguration com.mindex.challenge.ChallengeApplication for test class com.mindex.challenge.service.impl.CompensationServiceTest

  .   ____          _            __ _ _
 /\\ / ___'_ __ _ _(_)_ __  __ _ \ \ \ \
( ( )\___ | '_ | '_| | '_ \/ _` | \ \ \ \
 \\/  ___)| |_)| | | | | || (_| |  ) ) ) )
  '  |____| .__|_| |_|_| |_\__, | / / / /
 =========|_|==============|___/=/_/_/_/
?[32m :: Spring Boot :: ?[39m              ?[2m (v3.2.3)?[0;39m

?[2m2025-02-01T23:02:28.876-05:00?[0;39m ?[32m INFO?[0;39m ?[35m21999?[0;39m ?[2m---?[0;39m ?[2m[    Test worker]?[0;39m ?[2m?[0;39m?[36mc.m.c.s.impl.CompensationServiceTest    ?[0;39m ?[2m:?[0;39m Starting CompensationServiceTest using Java 23.0.2 with PID 21999 (started by tangonham in /Users/tangonham/Downloads/mindex-code-challenge)
?[2m2025-02-01T23:02:28.877-05:00?[0;39m ?[32mDEBUG?[0;39m ?[35m21999?[0;39m ?[2m---?[0;39m ?[2m[    Test worker]?[0;39m ?[2m?[0;39m?[36mc.m.c.s.impl.CompensationServiceTest    ?[0;39m ?[2m:?[0;39m Running with Spring Boot v3.2.3, Spring v6.1.4
?[2m2025-02-01T23:02:28.877-05:00?[0;39m ?[32m INFO?[0;39m ?[35m21999?[0;39m ?[2m---?[0;39m ?[2m[    Test worker]?[0;39m ?[2m?[0;39m?[36mc.m.c.s.impl.CompensationServiceTest    ?[0;39m ?[2m:?[0;39m No active profile set, falling back to 1 default profile: "default"
?[2m2025-02-01T23:02:29.057-05:00?[0;39m ?[32m INFO?[0;39m ?[35m21999?[0;39m ?[2m---?[0;39m ?[2m[    Test worker]?[0;39m ?[2m?[0;39m?[36m.s.d.r.c.RepositoryConfigurationDelegate?[0;39m ?[2m:?[0;39m Bootstrapping Spring Data MongoDB repositories in DEFAULT mode.
?[2m2025-02-01T23:02:29.075-05:00?[0;39m ?[32m INFO?[0;39m ?[35m21999?[0;39m ?[2m---?[0;39m ?[2m[    Test worker]?[0;39m ?[2m?[0;39m?[36m.s.d.r.c.RepositoryConfigurationDelegate?[0;39m ?[2m:?[0;39m Finished Spring Data repository scanning in 15 ms. Found 2 MongoDB repository interfaces.
?[2m2025-02-01T23:02:29.359-05:00?[0;39m ?[32m INFO?[0;39m ?[35m21999?[0;39m ?[2m---?[0;39m ?[2m[    Test worker]?[0;39m ?[2m?[0;39m?[36mo.s.b.w.embedded.tomcat.TomcatWebServer ?[0;39m ?[2m:?[0;39m Tomcat initialized with port 0 (http)
?[2m2025-02-01T23:02:29.367-05:00?[0;39m ?[32m INFO?[0;39m ?[35m21999?[0;39m ?[2m---?[0;39m ?[2m[    Test worker]?[0;39m ?[2m?[0;39m?[36mo.apache.catalina.core.StandardService  ?[0;39m ?[2m:?[0;39m Starting service [Tomcat]
?[2m2025-02-01T23:02:29.367-05:00?[0;39m ?[32m INFO?[0;39m ?[35m21999?[0;39m ?[2m---?[0;39m ?[2m[    Test worker]?[0;39m ?[2m?[0;39m?[36mo.apache.catalina.core.StandardEngine   ?[0;39m ?[2m:?[0;39m Starting Servlet engine: [Apache Tomcat/10.1.19]
?[2m2025-02-01T23:02:29.394-05:00?[0;39m ?[32m INFO?[0;39m ?[35m21999?[0;39m ?[2m---?[0;39m ?[2m[    Test worker]?[0;39m ?[2m?[0;39m?[36mo.a.c.c.C.[Tomcat].[localhost].[/]      ?[0;39m ?[2m:?[0;39m Initializing Spring embedded WebApplicationContext
?[2m2025-02-01T23:02:29.395-05:00?[0;39m ?[32m INFO?[0;39m ?[35m21999?[0;39m ?[2m---?[0;39m ?[2m[    Test worker]?[0;39m ?[2m?[0;39m?[36mw.s.c.ServletWebServerApplicationContext?[0;39m ?[2m:?[0;39m Root WebApplicationContext: initialization completed in 508 ms
?[2m2025-02-01T23:02:29.491-05:00?[0;39m ?[32m INFO?[0;39m ?[35m21999?[0;39m ?[2m---?[0;39m ?[2m[    Test worker]?[0;39m ?[2m?[0;39m?[36mde.bwaldvogel.mongo.MongoServer         ?[0;39m ?[2m:?[0;39m started MongoServer(port: 53556, ssl: false)
?[2m2025-02-01T23:02:29.549-05:00?[0;39m ?[32m INFO?[0;39m ?[35m21999?[0;39m ?[2m---?[0;39m ?[2m[    Test worker]?[0;39m ?[2m?[0;39m?[36morg.mongodb.driver.client               ?[0;39m ?[2m:?[0;39m MongoClient with metadata {"driver": {"name": "mongo-java-driver|sync", "version": "4.11.1"}, "os": {"type": "Darwin", "name": "Mac OS X", "architecture": "aarch64", "version": "15.2"}, "platform": "Java/Oracle Corporation/23.0.2+7-58"} created with settings MongoClientSettings{readPreference=primary, writeConcern=WriteConcern{w=null, wTimeout=null ms, journal=null}, retryWrites=true, retryReads=true, readConcern=ReadConcern{level=null}, credential=null, transportSettings=null, streamFactoryFactory=null, commandListeners=[], codecRegistry=ProvidersCodecRegistry{codecProviders=[ValueCodecProvider{}, BsonValueCodecProvider{}, DBRefCodecProvider{}, DBObjectCodecProvider{}, DocumentCodecProvider{}, CollectionCodecProvider{}, IterableCodecProvider{}, MapCodecProvider{}, GeoJsonCodecProvider{}, GridFSFileCodecProvider{}, Jsr310CodecProvider{}, JsonObjectCodecProvider{}, BsonCodecProvider{}, EnumCodecProvider{}, com.mongodb.client.model.mql.ExpressionCodecProvider@5763a655, com.mongodb.Jep395RecordCodecProvider@40c8067, com.mongodb.KotlinCodecProvider@46bb0bdf]}, loggerSettings=LoggerSettings{maxDocumentLength=1000}, clusterSettings={hosts=[localhost:53556], srvServiceName=mongodb, mode=SINGLE, requiredClusterType=UNKNOWN, requiredReplicaSetName='null', serverSelector='null', clusterListeners='[]', serverSelectionTimeout='30000 ms', localThreshold='15 ms'}, socketSettings=SocketSettings{connectTimeoutMS=10000, readTimeoutMS=0, receiveBufferSize=0, proxySettings=ProxySettings{host=null, port=null, username=null, password=null}}, heartbeatSocketSettings=SocketSettings{connectTimeoutMS=10000, readTimeoutMS=10000, receiveBufferSize=0, proxySettings=ProxySettings{host=null, port=null, username=null, password=null}}, connectionPoolSettings=ConnectionPoolSettings{maxSize=100, minSize=0, maxWaitTimeMS=120000, maxConnectionLifeTimeMS=0, maxConnectionIdleTimeMS=0, maintenanceInitialDelayMS=0, maintenanceFrequencyMS=60000, connectionPoolListeners=[], maxConnecting=2}, serverSettings=ServerSettings{heartbeatFrequencyMS=10000, minHeartbeatFrequencyMS=500, serverListeners='[]', serverMonitorListeners='[]'}, sslSettings=SslSettings{enabled=false, invalidHostNameAllowed=false, context=null}, applicationName='null', compressorList=[], uuidRepresentation=UNSPECIFIED, serverApi=null, autoEncryptionSettings=null, dnsClient=null, inetAddressResolver=null, contextProvider=null}
?[2m2025-02-01T23:02:29.557-05:00?[0;39m ?[32m INFO?[0;39m ?[35m21999?[0;39m ?[2m---?[0;39m ?[2m[-server-worker1]?[0;39m ?[2m?[0;39m?[36md.b.mongo.wire.MongoWireProtocolHandler ?[0;39m ?[2m:?[0;39m client [id: 0xaf11e745, L:/127.0.0.1:53556 - R:/127.0.0.1:53558] connected
?[2m2025-02-01T23:02:29.557-05:00?[0;39m ?[32m INFO?[0;39m ?[35m21999?[0;39m ?[2m---?[0;39m ?[2m[-server-worker2]?[0;39m ?[2m?[0;39m?[36md.b.mongo.wire.MongoWireProtocolHandler ?[0;39m ?[2m:?[0;39m client [id: 0x07493ee1, L:/127.0.0.1:53556 - R:/127.0.0.1:53557] connected
?[2m2025-02-01T23:02:29.585-05:00?[0;39m ?[32m INFO?[0;39m ?[35m21999?[0;39m ?[2m---?[0;39m ?[2m[localhost:53556]?[0;39m ?[2m?[0;39m?[36morg.mongodb.driver.cluster              ?[0;39m ?[2m:?[0;39m Monitor thread successfully connected to server with description ServerDescription{address=localhost:53556, type=STANDALONE, state=CONNECTED, ok=true, minWireVersion=0, maxWireVersion=6, maxDocumentSize=16777216, logicalSessionTimeoutMinutes=null, roundTripTimeNanos=34312875}
?[2m2025-02-01T23:02:29.765-05:00?[0;39m ?[32m INFO?[0;39m ?[35m21999?[0;39m ?[2m---?[0;39m ?[2m[-server-worker3]?[0;39m ?[2m?[0;39m?[36md.b.mongo.wire.MongoWireProtocolHandler ?[0;39m ?[2m:?[0;39m client [id: 0x0beee677, L:/127.0.0.1:53556 - R:/127.0.0.1:53559] connected
?[2m2025-02-01T23:02:29.777-05:00?[0;39m ?[32m INFO?[0;39m ?[35m21999?[0;39m ?[2m---?[0;39m ?[2m[-server-worker3]?[0;39m ?[2m?[0;39m?[36md.b.mongo.backend.AbstractMongoBackend  ?[0;39m ?[2m:?[0;39m created database test
?[2m2025-02-01T23:02:29.779-05:00?[0;39m ?[32m INFO?[0;39m ?[35m21999?[0;39m ?[2m---?[0;39m ?[2m[-server-worker3]?[0;39m ?[2m?[0;39m?[36md.b.mongo.backend.AbstractMongoDatabase ?[0;39m ?[2m:?[0;39m adding unique _id index for collection employeeCollection
?[2m2025-02-01T23:02:29.781-05:00?[0;39m ?[32m INFO?[0;39m ?[35m21999?[0;39m ?[2m---?[0;39m ?[2m[-server-worker3]?[0;39m ?[2m?[0;39m?[36md.b.mongo.backend.AbstractMongoDatabase ?[0;39m ?[2m:?[0;39m created collection test.employeeCollection
?[2m2025-02-01T23:02:29.960-05:00?[0;39m ?[32m INFO?[0;39m ?[35m21999?[0;39m ?[2m---?[0;39m ?[2m[    Test worker]?[0;39m ?[2m?[0;39m?[36mo.s.b.w.embedded.tomcat.TomcatWebServer ?[0;39m ?[2m:?[0;39m Tomcat started on port 53560 (http) with context path ''
?[2m2025-02-01T23:02:29.965-05:00?[0;39m ?[32m INFO?[0;39m ?[35m21999?[0;39m ?[2m---?[0;39m ?[2m[    Test worker]?[0;39m ?[2m?[0;39m?[36mc.m.c.s.impl.CompensationServiceTest    ?[0;39m ?[2m:?[0;39m Started CompensationServiceTest in 1.207 seconds (process running for 1.693)
?[2m2025-02-01T23:02:30.443-05:00?[0;39m ?[32m INFO?[0;39m ?[35m21999?[0;39m ?[2m---?[0;39m ?[2m[o-auto-1-exec-1]?[0;39m ?[2m?[0;39m?[36mo.a.c.c.C.[Tomcat].[localhost].[/]      ?[0;39m ?[2m:?[0;39m Initializing Spring DispatcherServlet 'dispatcherServlet'
?[2m2025-02-01T23:02:30.443-05:00?[0;39m ?[32m INFO?[0;39m ?[35m21999?[0;39m ?[2m---?[0;39m ?[2m[o-auto-1-exec-1]?[0;39m ?[2m?[0;39m?[36mo.s.web.servlet.DispatcherServlet       ?[0;39m ?[2m:?[0;39m Initializing Servlet 'dispatcherServlet'
?[2m2025-02-01T23:02:30.444-05:00?[0;39m ?[32m INFO?[0;39m ?[35m21999?[0;39m ?[2m---?[0;39m ?[2m[o-auto-1-exec-1]?[0;39m ?[2m?[0;39m?[36mo.s.web.servlet.DispatcherServlet       ?[0;39m ?[2m:?[0;39m Completed initialization in 1 ms
?[2m2025-02-01T23:02:30.460-05:00?[0;39m ?[32mDEBUG?[0;39m ?[35m21999?[0;39m ?[2m---?[0;39m ?[2m[o-auto-1-exec-1]?[0;39m ?[2m?[0;39m?[36mc.m.c.controller.EmployeeController     ?[0;39m ?[2m:?[0;39m Received employee create request for [com.mindex.challenge.data.Employee@803fe17]
?[2m2025-02-01T23:02:30.460-05:00?[0;39m ?[32mDEBUG?[0;39m ?[35m21999?[0;39m ?[2m---?[0;39m ?[2m[o-auto-1-exec-1]?[0;39m ?[2m?[0;39m?[36mc.m.c.service.impl.EmployeeServiceImpl  ?[0;39m ?[2m:?[0;39m Creating employee [com.mindex.challenge.data.Employee@803fe17]
?[2m2025-02-01T23:02:30.478-05:00?[0;39m ?[32mDEBUG?[0;39m ?[35m21999?[0;39m ?[2m---?[0;39m ?[2m[o-auto-1-exec-2]?[0;39m ?[2m?[0;39m?[36mc.m.c.controller.CompensationController ?[0;39m ?[2m:?[0;39m Received compensation create request for [3bcf974a-477b-4f2f-9fdd-c196054e2370]
?[2m2025-02-01T23:02:30.478-05:00?[0;39m ?[32mDEBUG?[0;39m ?[35m21999?[0;39m ?[2m---?[0;39m ?[2m[o-auto-1-exec-2]?[0;39m ?[2m?[0;39m?[36mc.m.c.s.impl.CompensationServiceImpl    ?[0;39m ?[2m:?[0;39m Creating compensation [com.mindex.challenge.data.Compensation@4a11823b]
?[2m2025-02-01T23:02:30.501-05:00?[0;39m ?[32m INFO?[0;39m ?[35m21999?[0;39m ?[2m---?[0;39m ?[2m[-server-worker3]?[0;39m ?[2m?[0;39m?[36md.b.mongo.backend.AbstractMongoDatabase ?[0;39m ?[2m:?[0;39m adding unique _id index for collection compensationCollection
?[2m2025-02-01T23:02:30.501-05:00?[0;39m ?[32m INFO?[0;39m ?[35m21999?[0;39m ?[2m---?[0;39m ?[2m[-server-worker3]?[0;39m ?[2m?[0;39m?[36md.b.mongo.backend.AbstractMongoDatabase ?[0;39m ?[2m:?[0;39m created collection test.compensationCollection
?[2m2025-02-01T23:02:30.504-05:00?[0;39m ?[32mDEBUG?[0;39m ?[35m21999?[0;39m ?[2m---?[0;39m ?[2m[o-auto-1-exec-3]?[0;39m ?[2m?[0;39m?[36mc.m.c.controller.CompensationController ?[0;39m ?[2m:?[0;39m Received compensation create request for [3bcf974a-477b-4f2f-9fdd-c196054e2370]
?[2m2025-02-01T23:02:30.505-05:00?[0;39m ?[32mDEBUG?[0;39m ?[35m21999?[0;39m ?[2m---?[0;39m ?[2m[o-auto-1-exec-3]?[0;39m ?[2m?[0;39m?[36mc.m.c.s.impl.CompensationServiceImpl    ?[0;39m ?[2m:?[0;39m Retrieving Employee's Compensation
]]></system-out>
  <system-err><![CDATA[WARNING: A Java agent has been loaded dynamically (/Users/tangonham/.gradle/caches/modules-2/files-2.1/net.bytebuddy/byte-buddy-agent/1.14.12/be4984cb6fd1ef1d11f218a648889dfda44b8a15/byte-buddy-agent-1.14.12.jar)
WARNING: If a serviceability tool is in use, please run with -XX:+EnableDynamicAgentLoading to hide this warning
WARNING: If a serviceability tool is not in use, please run with -Djdk.instrument.traceUsage for more information
WARNING: Dynamic loading of agents will be disallowed by default in a future release
]]></system-err>
</testsuite>
