<?xml version="1.0" encoding="UTF-8"?>
<testsuite name="com.mindex.challenge.service.impl.EmployeeServiceImplTest" tests="1" skipped="0" failures="0" errors="0" timestamp="2025-02-02T04:02:30" hostname="Tangos-MacBook-Pro.local" time="0.025">
  <properties/>
  <testcase name="testCreateReadUpdateDelete" classname="com.mindex.challenge.service.impl.EmployeeServiceImplTest" time="0.025"/>
  <system-out><![CDATA[?[2m2025-02-01T23:02:30.866-05:00?[0;39m ?[32m INFO?[0;39m ?[35m21999?[0;39m ?[2m---?[0;39m ?[2m[    Test worker]?[0;39m ?[2m?[0;39m?[36mt.c.s.AnnotationConfigContextLoaderUtils?[0;39m ?[2m:?[0;39m Could not detect default configuration classes for test class [com.mindex.challenge.service.impl.EmployeeServiceImplTest]: EmployeeServiceImplTest does not declare any static, non-private, non-final, nested classes annotated with @Configuration.
?[2m2025-02-01T23:02:30.867-05:00?[0;39m ?[32m INFO?[0;39m ?[35m21999?[0;39m ?[2m---?[0;39m ?[2m[    Test worker]?[0;39m ?[2m?[0;39m?[36m.b.t.c.SpringBootTestContextBootstrapper?[0;39m ?[2m:?[0;39m Found @SpringBootConfiguration com.mindex.challenge.ChallengeApplication for test class com.mindex.challenge.service.impl.EmployeeServiceImplTest
?[2m2025-02-01T23:02:30.871-05:00?[0;39m ?[32mDEBUG?[0;39m ?[35m21999?[0;39m ?[2m---?[0;39m ?[2m[o-auto-1-exec-4]?[0;39m ?[2m?[0;39m?[36mc.m.c.controller.EmployeeController     ?[0;39m ?[2m:?[0;39m Received employee create request for [com.mindex.challenge.data.Employee@2c9cfb7e]
?[2m2025-02-01T23:02:30.871-05:00?[0;39m ?[32mDEBUG?[0;39m ?[35m21999?[0;39m ?[2m---?[0;39m ?[2m[o-auto-1-exec-4]?[0;39m ?[2m?[0;39m?[36mc.m.c.service.impl.EmployeeServiceImpl  ?[0;39m ?[2m:?[0;39m Creating employee [com.mindex.challenge.data.Employee@2c9cfb7e]
?[2m2025-02-01T23:02:30.874-05:00?[0;39m ?[32mDEBUG?[0;39m ?[35m21999?[0;39m ?[2m---?[0;39m ?[2m[o-auto-1-exec-5]?[0;39m ?[2m?[0;39m?[36mc.m.c.controller.EmployeeController     ?[0;39m ?[2m:?[0;39m Received employee create request for id [edad18bd-cc1f-4324-9b6d-4b4bd37ce897]
?[2m2025-02-01T23:02:30.874-05:00?[0;39m ?[32mDEBUG?[0;39m ?[35m21999?[0;39m ?[2m---?[0;39m ?[2m[o-auto-1-exec-5]?[0;39m ?[2m?[0;39m?[36mc.m.c.service.impl.EmployeeServiceImpl  ?[0;39m ?[2m:?[0;39m Creating employee with id [edad18bd-cc1f-4324-9b6d-4b4bd37ce897]
?[2m2025-02-01T23:02:30.878-05:00?[0;39m ?[32mDEBUG?[0;39m ?[35m21999?[0;39m ?[2m---?[0;39m ?[2m[o-auto-1-exec-6]?[0;39m ?[2m?[0;39m?[36mc.m.c.controller.EmployeeController     ?[0;39m ?[2m:?[0;39m Received employee create request for id [edad18bd-cc1f-4324-9b6d-4b4bd37ce897] and employee [com.mindex.challenge.data.Employee@6e687826]
?[2m2025-02-01T23:02:30.878-05:00?[0;39m ?[32mDEBUG?[0;39m ?[35m21999?[0;39m ?[2m---?[0;39m ?[2m[o-auto-1-exec-6]?[0;39m ?[2m?[0;39m?[36mc.m.c.service.impl.EmployeeServiceImpl  ?[0;39m ?[2m:?[0;39m Updating employee [com.mindex.challenge.data.Employee@6e687826]
?[2m2025-02-01T23:02:30.885-05:00?[0;39m ?[32mDEBUG?[0;39m ?[35m21999?[0;39m ?[2m---?[0;39m ?[2m[o-auto-1-exec-7]?[0;39m ?[2m?[0;39m?[36mc.m.c.controller.EmployeeController     ?[0;39m ?[2m:?[0;39m Received employee delete request for id [edad18bd-cc1f-4324-9b6d-4b4bd37ce897]
?[2m2025-02-01T23:02:30.885-05:00?[0;39m ?[32mDEBUG?[0;39m ?[35m21999?[0;39m ?[2m---?[0;39m ?[2m[o-auto-1-exec-7]?[0;39m ?[2m?[0;39m?[36mc.m.c.service.impl.EmployeeServiceImpl  ?[0;39m ?[2m:?[0;39m Deleting employee with id [edad18bd-cc1f-4324-9b6d-4b4bd37ce897]
]]></system-out>
  <system-err><![CDATA[]]></system-err>
</testsuite>
