<?xml version="1.0" encoding="UTF-8"?>
<testsuite name="com.mindex.challenge.ChallengeApplicationTests" tests="1" skipped="0" failures="0" errors="0" timestamp="2025-01-31T02:24:17" hostname="Tangos-MacBook-Pro.local" time="0.064">
  <properties/>
  <testcase name="testCalculateNumberOfReports" classname="com.mindex.challenge.ChallengeApplicationTests" time="0.064"/>
  <system-out><![CDATA[21:24:16.565 [Test worker] INFO org.springframework.test.context.support.AnnotationConfigContextLoaderUtils -- Could not detect default configuration classes for test class [com.mindex.challenge.ChallengeApplicationTests]: ChallengeApplicationTests does not declare any static, non-private, non-final, nested classes annotated with @Configuration.
21:24:16.633 [Test worker] INFO org.springframework.boot.test.context.SpringBootTestContextBootstrapper -- Found @SpringBootConfiguration com.mindex.challenge.ChallengeApplication for test class com.mindex.challenge.ChallengeApplicationTests

  .   ____          _            __ _ _
 /\\ / ___'_ __ _ _(_)_ __  __ _ \ \ \ \
( ( )\___ | '_ | '_| | '_ \/ _` | \ \ \ \
 \\/  ___)| |_)| | | | | || (_| |  ) ) ) )
  '  |____| .__|_| |_|_| |_\__, | / / / /
 =========|_|==============|___/=/_/_/_/
?[32m :: Spring Boot :: ?[39m              ?[2m (v3.2.3)?[0;39m

?[2m2025-01-30T21:24:16.805-05:00?[0;39m ?[32m INFO?[0;39m ?[35m57798?[0;39m ?[2m---?[0;39m ?[2m[    Test worker]?[0;39m ?[2m?[0;39m?[36mc.m.challenge.ChallengeApplicationTests ?[0;39m ?[2m:?[0;39m Starting ChallengeApplicationTests using Java 23.0.2 with PID 57798 (started by tangonham in /Users/tangonham/Downloads/mindex-code-challenge)
?[2m2025-01-30T21:24:16.805-05:00?[0;39m ?[32mDEBUG?[0;39m ?[35m57798?[0;39m ?[2m---?[0;39m ?[2m[    Test worker]?[0;39m ?[2m?[0;39m?[36mc.m.challenge.ChallengeApplicationTests ?[0;39m ?[2m:?[0;39m Running with Spring Boot v3.2.3, Spring v6.1.4
?[2m2025-01-30T21:24:16.806-05:00?[0;39m ?[32m INFO?[0;39m ?[35m57798?[0;39m ?[2m---?[0;39m ?[2m[    Test worker]?[0;39m ?[2m?[0;39m?[36mc.m.challenge.ChallengeApplicationTests ?[0;39m ?[2m:?[0;39m No active profile set, falling back to 1 default profile: "default"
?[2m2025-01-30T21:24:17.698-05:00?[0;39m ?[32m INFO?[0;39m ?[35m57798?[0;39m ?[2m---?[0;39m ?[2m[    Test worker]?[0;39m ?[2m?[0;39m?[36mo.s.b.t.m.w.SpringBootMockServletContext?[0;39m ?[2m:?[0;39m Initializing Spring TestDispatcherServlet ''
?[2m2025-01-30T21:24:17.698-05:00?[0;39m ?[32m INFO?[0;39m ?[35m57798?[0;39m ?[2m---?[0;39m ?[2m[    Test worker]?[0;39m ?[2m?[0;39m?[36mo.s.t.web.servlet.TestDispatcherServlet ?[0;39m ?[2m:?[0;39m Initializing Servlet ''
?[2m2025-01-30T21:24:17.699-05:00?[0;39m ?[32m INFO?[0;39m ?[35m57798?[0;39m ?[2m---?[0;39m ?[2m[    Test worker]?[0;39m ?[2m?[0;39m?[36mo.s.t.web.servlet.TestDispatcherServlet ?[0;39m ?[2m:?[0;39m Completed initialization in 1 ms
?[2m2025-01-30T21:24:17.713-05:00?[0;39m ?[32m INFO?[0;39m ?[35m57798?[0;39m ?[2m---?[0;39m ?[2m[    Test worker]?[0;39m ?[2m?[0;39m?[36mc.m.challenge.ChallengeApplicationTests ?[0;39m ?[2m:?[0;39m Started ChallengeApplicationTests in 1.045 seconds (process running for 1.5)
?[2m2025-01-30T21:24:17.747-05:00?[0;39m ?[32mDEBUG?[0;39m ?[35m57798?[0;39m ?[2m---?[0;39m ?[2m[    Test worker]?[0;39m ?[2m?[0;39m?[36mc.m.c.controller.EmployeeController     ?[0;39m ?[2m:?[0;39m Get Reporting Structure for id [16a596ae-edd3-4847-99fe-c4518e82c86f]
]]></system-out>
  <system-err><![CDATA[WARNING: A Java agent has been loaded dynamically (/Users/tangonham/.gradle/caches/modules-2/files-2.1/net.bytebuddy/byte-buddy-agent/1.14.12/be4984cb6fd1ef1d11f218a648889dfda44b8a15/byte-buddy-agent-1.14.12.jar)
WARNING: If a serviceability tool is in use, please run with -XX:+EnableDynamicAgentLoading to hide this warning
WARNING: If a serviceability tool is not in use, please run with -Djdk.instrument.traceUsage for more information
WARNING: Dynamic loading of agents will be disallowed by default in a future release
]]></system-err>
</testsuite>
