<?xml version="1.0" encoding="UTF-8"?>
<testsuite name="com.mindex.challenge.service.impl.CompensationServiceTest" tests="3" skipped="0" failures="0" errors="0" timestamp="2025-01-31T18:34:43" hostname="Tangos-MacBook-Pro.local" time="0.006">
  <properties/>
  <testcase name="testCreateCompensation" classname="com.mindex.challenge.service.impl.CompensationServiceTest" time="0.003"/>
  <testcase name="testNoCompensation" classname="com.mindex.challenge.service.impl.CompensationServiceTest" time="0.001"/>
  <testcase name="testGetCompensation" classname="com.mindex.challenge.service.impl.CompensationServiceTest" time="0.001"/>
  <system-out><![CDATA[?[2m2025-01-31T13:34:43.388-05:00?[0;39m ?[32m INFO?[0;39m ?[35m10662?[0;39m ?[2m---?[0;39m ?[2m[    Test worker]?[0;39m ?[2m?[0;39m?[36mt.c.s.AnnotationConfigContextLoaderUtils?[0;39m ?[2m:?[0;39m Could not detect default configuration classes for test class [com.mindex.challenge.service.impl.CompensationServiceTest]: CompensationServiceTest does not declare any static, non-private, non-final, nested classes annotated with @Configuration.
?[2m2025-01-31T13:34:43.392-05:00?[0;39m ?[32m INFO?[0;39m ?[35m10662?[0;39m ?[2m---?[0;39m ?[2m[    Test worker]?[0;39m ?[2m?[0;39m?[36m.b.t.c.SpringBootTestContextBootstrapper?[0;39m ?[2m:?[0;39m Found @SpringBootConfiguration com.mindex.challenge.ChallengeApplication for test class com.mindex.challenge.service.impl.CompensationServiceTest

  .   ____          _            __ _ _
 /\\ / ___'_ __ _ _(_)_ __  __ _ \ \ \ \
( ( )\___ | '_ | '_| | '_ \/ _` | \ \ \ \
 \\/  ___)| |_)| | | | | || (_| |  ) ) ) )
  '  |____| .__|_| |_|_| |_\__, | / / / /
 =========|_|==============|___/=/_/_/_/
?[32m :: Spring Boot :: ?[39m              ?[2m (v3.2.3)?[0;39m

?[2m2025-01-31T13:34:43.403-05:00?[0;39m ?[32m INFO?[0;39m ?[35m10662?[0;39m ?[2m---?[0;39m ?[2m[    Test worker]?[0;39m ?[2m?[0;39m?[36mc.m.c.s.impl.CompensationServiceTest    ?[0;39m ?[2m:?[0;39m Starting CompensationServiceTest using Java 23.0.2 with PID 10662 (started by tangonham in /Users/tangonham/Downloads/mindex-code-challenge)
?[2m2025-01-31T13:34:43.403-05:00?[0;39m ?[32mDEBUG?[0;39m ?[35m10662?[0;39m ?[2m---?[0;39m ?[2m[    Test worker]?[0;39m ?[2m?[0;39m?[36mc.m.c.s.impl.CompensationServiceTest    ?[0;39m ?[2m:?[0;39m Running with Spring Boot v3.2.3, Spring v6.1.4
?[2m2025-01-31T13:34:43.403-05:00?[0;39m ?[32m INFO?[0;39m ?[35m10662?[0;39m ?[2m---?[0;39m ?[2m[    Test worker]?[0;39m ?[2m?[0;39m?[36mc.m.c.s.impl.CompensationServiceTest    ?[0;39m ?[2m:?[0;39m No active profile set, falling back to 1 default profile: "default"
?[2m2025-01-31T13:34:43.437-05:00?[0;39m ?[32m INFO?[0;39m ?[35m10662?[0;39m ?[2m---?[0;39m ?[2m[    Test worker]?[0;39m ?[2m?[0;39m?[36m.s.d.r.c.RepositoryConfigurationDelegate?[0;39m ?[2m:?[0;39m Bootstrapping Spring Data MongoDB repositories in DEFAULT mode.
?[2m2025-01-31T13:34:43.439-05:00?[0;39m ?[32m INFO?[0;39m ?[35m10662?[0;39m ?[2m---?[0;39m ?[2m[    Test worker]?[0;39m ?[2m?[0;39m?[36m.s.d.r.c.RepositoryConfigurationDelegate?[0;39m ?[2m:?[0;39m Finished Spring Data repository scanning in 1 ms. Found 2 MongoDB repository interfaces.
?[2m2025-01-31T13:34:43.543-05:00?[0;39m ?[32m INFO?[0;39m ?[35m10662?[0;39m ?[2m---?[0;39m ?[2m[    Test worker]?[0;39m ?[2m?[0;39m?[36mde.bwaldvogel.mongo.MongoServer         ?[0;39m ?[2m:?[0;39m started MongoServer(port: 51859, ssl: false)
?[2m2025-01-31T13:34:43.548-05:00?[0;39m ?[32m INFO?[0;39m ?[35m10662?[0;39m ?[2m---?[0;39m ?[2m[    Test worker]?[0;39m ?[2m?[0;39m?[36morg.mongodb.driver.client               ?[0;39m ?[2m:?[0;39m MongoClient with metadata {"driver": {"name": "mongo-java-driver|sync", "version": "4.11.1"}, "os": {"type": "Darwin", "name": "Mac OS X", "architecture": "aarch64", "version": "15.2"}, "platform": "Java/Oracle Corporation/23.0.2+7-58"} created with settings MongoClientSettings{readPreference=primary, writeConcern=WriteConcern{w=null, wTimeout=null ms, journal=null}, retryWrites=true, retryReads=true, readConcern=ReadConcern{level=null}, credential=null, transportSettings=null, streamFactoryFactory=null, commandListeners=[], codecRegistry=ProvidersCodecRegistry{codecProviders=[ValueCodecProvider{}, BsonValueCodecProvider{}, DBRefCodecProvider{}, DBObjectCodecProvider{}, DocumentCodecProvider{}, CollectionCodecProvider{}, IterableCodecProvider{}, MapCodecProvider{}, GeoJsonCodecProvider{}, GridFSFileCodecProvider{}, Jsr310CodecProvider{}, JsonObjectCodecProvider{}, BsonCodecProvider{}, EnumCodecProvider{}, com.mongodb.client.model.mql.ExpressionCodecProvider@61288814, com.mongodb.Jep395RecordCodecProvider@3b8d2abe, com.mongodb.KotlinCodecProvider@6669cba]}, loggerSettings=LoggerSettings{maxDocumentLength=1000}, clusterSettings={hosts=[localhost:51859], srvServiceName=mongodb, mode=SINGLE, requiredClusterType=UNKNOWN, requiredReplicaSetName='null', serverSelector='null', clusterListeners='[]', serverSelectionTimeout='30000 ms', localThreshold='15 ms'}, socketSettings=SocketSettings{connectTimeoutMS=10000, readTimeoutMS=0, receiveBufferSize=0, proxySettings=ProxySettings{host=null, port=null, username=null, password=null}}, heartbeatSocketSettings=SocketSettings{connectTimeoutMS=10000, readTimeoutMS=10000, receiveBufferSize=0, proxySettings=ProxySettings{host=null, port=null, username=null, password=null}}, connectionPoolSettings=ConnectionPoolSettings{maxSize=100, minSize=0, maxWaitTimeMS=120000, maxConnectionLifeTimeMS=0, maxConnectionIdleTimeMS=0, maintenanceInitialDelayMS=0, maintenanceFrequencyMS=60000, connectionPoolListeners=[], maxConnecting=2}, serverSettings=ServerSettings{heartbeatFrequencyMS=10000, minHeartbeatFrequencyMS=500, serverListeners='[]', serverMonitorListeners='[]'}, sslSettings=SslSettings{enabled=false, invalidHostNameAllowed=false, context=null}, applicationName='null', compressorList=[], uuidRepresentation=UNSPECIFIED, serverApi=null, autoEncryptionSettings=null, dnsClient=null, inetAddressResolver=null, contextProvider=null}
?[2m2025-01-31T13:34:43.549-05:00?[0;39m ?[32m INFO?[0;39m ?[35m10662?[0;39m ?[2m---?[0;39m ?[2m[-server-worker1]?[0;39m ?[2m?[0;39m?[36md.b.mongo.wire.MongoWireProtocolHandler ?[0;39m ?[2m:?[0;39m client [id: 0x681bede5, L:/127.0.0.1:51859 - R:/127.0.0.1:51860] connected
?[2m2025-01-31T13:34:43.551-05:00?[0;39m ?[32m INFO?[0;39m ?[35m10662?[0;39m ?[2m---?[0;39m ?[2m[-server-worker2]?[0;39m ?[2m?[0;39m?[36md.b.mongo.wire.MongoWireProtocolHandler ?[0;39m ?[2m:?[0;39m client [id: 0xffaec1a9, L:/127.0.0.1:51859 - R:/127.0.0.1:51861] connected
?[2m2025-01-31T13:34:43.552-05:00?[0;39m ?[32m INFO?[0;39m ?[35m10662?[0;39m ?[2m---?[0;39m ?[2m[localhost:51859]?[0;39m ?[2m?[0;39m?[36morg.mongodb.driver.cluster              ?[0;39m ?[2m:?[0;39m Monitor thread successfully connected to server with description ServerDescription{address=localhost:51859, type=STANDALONE, state=CONNECTED, ok=true, minWireVersion=0, maxWireVersion=6, maxDocumentSize=16777216, logicalSessionTimeoutMinutes=null, roundTripTimeNanos=4319916}
?[2m2025-01-31T13:34:43.596-05:00?[0;39m ?[32m INFO?[0;39m ?[35m10662?[0;39m ?[2m---?[0;39m ?[2m[    Test worker]?[0;39m ?[2m?[0;39m?[36mc.m.c.s.impl.CompensationServiceTest    ?[0;39m ?[2m:?[0;39m Started CompensationServiceTest in 0.202 seconds (process running for 2.385)
?[2m2025-01-31T13:34:43.600-05:00?[0;39m ?[32mDEBUG?[0;39m ?[35m10662?[0;39m ?[2m---?[0;39m ?[2m[    Test worker]?[0;39m ?[2m?[0;39m?[36mc.m.c.s.impl.CompensationServiceImpl    ?[0;39m ?[2m:?[0;39m Creating compensation [com.mindex.challenge.data.Compensation@490704a5]
?[2m2025-01-31T13:34:43.602-05:00?[0;39m ?[32mDEBUG?[0;39m ?[35m10662?[0;39m ?[2m---?[0;39m ?[2m[    Test worker]?[0;39m ?[2m?[0;39m?[36mc.m.c.s.impl.CompensationServiceImpl    ?[0;39m ?[2m:?[0;39m Retrieving Employee's Compensation
?[2m2025-01-31T13:34:43.603-05:00?[0;39m ?[32mDEBUG?[0;39m ?[35m10662?[0;39m ?[2m---?[0;39m ?[2m[    Test worker]?[0;39m ?[2m?[0;39m?[36mc.m.c.s.impl.CompensationServiceImpl    ?[0;39m ?[2m:?[0;39m Retrieving Employee's Compensation
]]></system-out>
  <system-err><![CDATA[]]></system-err>
</testsuite>
